This is pdfTeX, Version 3.1415926-1.40.11 (TeX Live 2010) (format=pdflatex 2010.7.21)  3 JUN 2013 11:15
entering extended mode
 \write18 enabled.
 file:line:error style messages enabled.
 %&-line parsing enabled.
**cikmdemo.tex
(./cikmdemo.tex
LaTeX2e <2009/09/24>
Babel <v3.8l> and hyphenation patterns for english, dumylang, nohyphenation, ge
rman-x-2009-06-19, ngerman-x-2009-06-19, ancientgreek, ibycus, arabic, armenian
, basque, bulgarian, catalan, pinyin, coptic, croatian, czech, danish, dutch, u
kenglish, usenglishmax, esperanto, estonian, farsi, finnish, french, galician, 
german, ngerman, swissgerman, monogreek, greek, hungarian, icelandic, assamese,
 bengali, gujarati, hindi, kannada, malayalam, marathi, oriya, panjabi, tamil, 
telugu, indonesian, interlingua, irish, italian, kurmanji, lao, latin, latvian,
 lithuanian, mongolian, mongolianlmc, bokmal, nynorsk, polish, portuguese, roma
nian, russian, sanskrit, serbian, slovak, slovenian, spanish, swedish, turkish,
 turkmen, ukrainian, uppersorbian, welsh, loaded.
(./sig-alternate.cls
(/usr/local/texlive/2010/texmf-dist/tex/latex/graphics/epsfig.sty
Package: epsfig 1999/02/16 v1.7a (e)psfig emulation (SPQR)

(/usr/local/texlive/2010/texmf-dist/tex/latex/graphics/graphicx.sty
Package: graphicx 1999/02/16 v1.0f Enhanced LaTeX Graphics (DPC,SPQR)

(/usr/local/texlive/2010/texmf-dist/tex/latex/graphics/keyval.sty
Package: keyval 1999/03/16 v1.13 key=value parser (DPC)
\KV@toks@=\toks14
)
(/usr/local/texlive/2010/texmf-dist/tex/latex/graphics/graphics.sty
Package: graphics 2009/02/05 v1.0o Standard LaTeX Graphics (DPC,SPQR)

(/usr/local/texlive/2010/texmf-dist/tex/latex/graphics/trig.sty
Package: trig 1999/03/16 v1.09 sin cos tan (DPC)
)
(/usr/local/texlive/2010/texmf-dist/tex/latex/latexconfig/graphics.cfg
File: graphics.cfg 2010/04/23 v1.9 graphics configuration of TeX Live
)
Package graphics Info: Driver file: pdftex.def on input line 91.

(/usr/local/texlive/2010/texmf-dist/tex/latex/pdftex-def/pdftex.def
File: pdftex.def 2010/02/14 v0.04n Graphics/color for pdfTeX
\Gread@gobject=\count79
))
\Gin@req@height=\dimen102
\Gin@req@width=\dimen103
)
\epsfxsize=\dimen104
\epsfysize=\dimen105
)
(/usr/local/texlive/2010/texmf-dist/tex/latex/amsfonts/amssymb.sty
Package: amssymb 2009/06/22 v3.00

(/usr/local/texlive/2010/texmf-dist/tex/latex/amsfonts/amsfonts.sty
Package: amsfonts 2009/06/22 v3.00 Basic AMSFonts support
\@emptytoks=\toks15
\symAMSa=\mathgroup4
\symAMSb=\mathgroup5
LaTeX Font Info:    Overwriting math alphabet `\mathfrak' in version `bold'
(Font)                  U/euf/m/n --> U/euf/b/n on input line 96.
))
(/usr/local/texlive/2010/texmf-dist/tex/latex/amsmath/amsmath.sty
Package: amsmath 2000/07/18 v2.13 AMS math features
\@mathmargin=\skip41

For additional information on amsmath, use the `?' option.
(/usr/local/texlive/2010/texmf-dist/tex/latex/amsmath/amstext.sty
Package: amstext 2000/06/29 v2.01

(/usr/local/texlive/2010/texmf-dist/tex/latex/amsmath/amsgen.sty
File: amsgen.sty 1999/11/30 v2.0
\@emptytoks=\toks16
\ex@=\dimen106
))
(/usr/local/texlive/2010/texmf-dist/tex/latex/amsmath/amsbsy.sty
Package: amsbsy 1999/11/29 v1.2d
\pmbraise@=\dimen107
)
(/usr/local/texlive/2010/texmf-dist/tex/latex/amsmath/amsopn.sty
Package: amsopn 1999/12/14 v2.01 operator names
)
\inf@bad=\count80
LaTeX Info: Redefining \frac on input line 211.
\uproot@=\count81
\leftroot@=\count82
LaTeX Info: Redefining \overline on input line 307.
\classnum@=\count83
\DOTSCASE@=\count84
LaTeX Info: Redefining \ldots on input line 379.
LaTeX Info: Redefining \dots on input line 382.
LaTeX Info: Redefining \cdots on input line 467.
\Mathstrutbox@=\box26
\strutbox@=\box27
\big@size=\dimen108
LaTeX Font Info:    Redeclaring font encoding OML on input line 567.
LaTeX Font Info:    Redeclaring font encoding OMS on input line 568.
\macc@depth=\count85
\c@MaxMatrixCols=\count86
\dotsspace@=\muskip10
\c@parentequation=\count87
\dspbrk@lvl=\count88
\tag@help=\toks17
\row@=\count89
\column@=\count90
\maxfields@=\count91
\andhelp@=\toks18
\eqnshift@=\dimen109
\alignsep@=\dimen110
\tagshift@=\dimen111
\tagwidth@=\dimen112
\totwidth@=\dimen113
\lineht@=\dimen114
\@envbody=\toks19
\multlinegap=\skip42
\multlinetaggap=\skip43
\mathdisplay@stack=\toks20
LaTeX Info: Redefining \[ on input line 2666.
LaTeX Info: Redefining \] on input line 2667.
)
Document Class 'sig-alternate' <23rd. May '12>. Modified by G.K.M. Tobin/Gerry 
Murray
Based in part upon document Style `acmconf' <22 May 89>. Hacked 4/91 by
shivers@cs.cmu.edu, 4/93 by theobald@cs.mcgill.ca
Excerpts were taken from (Journal Style) 'esub2acm.cls'.
****** Bugs/comments/suggestions/technicalities to Gerry Murray -- murray@hq.ac
m.org ******
Questions on the style, SIGS policies, etc. to Adrienne Griscti griscti@acm.org

\footheight=\dimen115
\@maxsep=\dimen116
\@dblmaxsep=\dimen117
\aucount=\count92
\originalaucount=\count93
\auwidth=\dimen118
\auskip=\dimen119
\auskipcount=\count94
\auskip=\dimen120
\allauboxes=\dimen121
\addauthors=\toks21
\addauflag=\count95
\subtitletext=\toks22
\savesection=\count96
\sectioncntr=\count97
\c@figure=\count98
\c@table=\count99
\titleboxnotes=\toks23
\titleboxnoteflag=\count100
Document Class: sig-alternate 2012/05/23 - V2.5 - based on acmproc.cls V1.3 <No
v. 30 '99>
(/usr/local/texlive/2010/texmf-dist/tex/latex/base/latexsym.sty
Package: latexsym 1998/08/17 v2.2e Standard LaTeX package (lasy symbols)
\symlasy=\mathgroup6
LaTeX Font Info:    Overwriting symbol font `lasy' in version `bold'
(Font)                  U/lasy/m/n --> U/lasy/b/n on input line 47.
)
\@acmtitlebox=\box28
\titlenotecount=\count101
\tntoks=\toks24
\tntokstwo=\toks25
\tntoksthree=\toks26
\tntoksfour=\toks27
\tntoksfive=\toks28
\catcount=\count102
\copyrightnotice=\toks29
\conf=\toks30
\confinfo=\toks31
\c@part=\count103
\c@section=\count104
\c@subsection=\count105
\c@subsubsection=\count106
\c@paragraph=\count107

Using 'Abbrev' bibliography style
LaTeX Info: Redefining \cite on input line 1211.
\bibindent=\dimen122
\colcntr=\count108
\saveb@x=\box29
\copyrtyr=\toks32
\acmcopyr=\toks33
\boilerplate=\toks34
\copyrightetc=\toks35
(/usr/local/texlive/2010/texmf-dist/tex/latex/base/fontenc.sty
Package: fontenc 2005/09/27 v1.99g Standard LaTeX package

(/usr/local/texlive/2010/texmf-dist/tex/latex/base/t1enc.def
File: t1enc.def 2005/09/27 v1.99g Standard LaTeX file
LaTeX Font Info:    Redeclaring font encoding T1 on input line 43.
)
LaTeX Font Info:    Try loading font information for T1+aer on input line 100.

(/usr/local/texlive/2010/texmf-dist/tex/latex/ae/t1aer.fd
File: t1aer.fd 1997/11/16 Font definitions for T1/aer.
)))
(/usr/local/texlive/2010/texmf-dist/tex/latex/subfigure/subfigure.sty
Package: subfigure 2002/03/15 v2.1.5 subfigure package
\subfigtopskip=\skip44
\subfigcapskip=\skip45
\subfigcaptopadj=\dimen123
\subfigbottomskip=\skip46
\subfigcapmargin=\dimen124
\subfiglabelskip=\skip47
\c@subfigure=\count109
\c@lofdepth=\count110
\c@subtable=\count111
\c@lotdepth=\count112

****************************************
* Local config file subfigure.cfg used *
****************************************
(/usr/local/texlive/2010/texmf-dist/tex/latex/subfigure/subfigure.cfg)
\subfig@top=\skip48
\subfig@bottom=\skip49
)
(/usr/local/texlive/2010/texmf-dist/tex/latex/url/url.sty
\Urlmuskip=\muskip11
Package: url 2006/04/12  ver 3.3  Verb mode for urls, etc.
) (./cikmdemo.aux)
\openout1 = `cikmdemo.aux'.

LaTeX Font Info:    Checking defaults for OML/cmm/m/it on input line 7.
LaTeX Font Info:    ... okay on input line 7.
LaTeX Font Info:    Checking defaults for T1/cmr/m/n on input line 7.
LaTeX Font Info:    ... okay on input line 7.
LaTeX Font Info:    Checking defaults for OT1/cmr/m/n on input line 7.
LaTeX Font Info:    ... okay on input line 7.
LaTeX Font Info:    Checking defaults for OMS/cmsy/m/n on input line 7.
LaTeX Font Info:    ... okay on input line 7.
LaTeX Font Info:    Checking defaults for OMX/cmex/m/n on input line 7.
LaTeX Font Info:    ... okay on input line 7.
LaTeX Font Info:    Checking defaults for U/cmr/m/n on input line 7.
LaTeX Font Info:    ... okay on input line 7.

(/usr/local/texlive/2010/texmf-dist/tex/context/base/supp-pdf.mkii
[Loading MPS to PDF converter (version 2006.09.02).]
\scratchcounter=\count113
\scratchdimen=\dimen125
\scratchbox=\box30
\nofMPsegments=\count114
\nofMParguments=\count115
\everyMPshowfont=\toks36
\MPscratchCnt=\count116
\MPscratchDim=\dimen126
\MPnumerator=\count117
\everyMPtoPDFconversion=\toks37
) (/usr/local/texlive/2010/texmf-dist/tex/generic/oberdiek/pdftexcmds.sty
Package: pdftexcmds 2010/04/01 v0.9 Utility functions of pdfTeX for LuaTeX (HO)


(/usr/local/texlive/2010/texmf-dist/tex/generic/oberdiek/infwarerr.sty
Package: infwarerr 2010/04/08 v1.3 Providing info/warning/message (HO)
)
(/usr/local/texlive/2010/texmf-dist/tex/generic/oberdiek/ifluatex.sty
Package: ifluatex 2010/03/01 v1.3 Provides the ifluatex switch (HO)
Package ifluatex Info: LuaTeX not detected.
)
(/usr/local/texlive/2010/texmf-dist/tex/generic/oberdiek/ltxcmds.sty
Package: ltxcmds 2010/04/26 v1.7 LaTeX kernel commands for general use (HO)
)
Package pdftexcmds Info: LuaTeX not detected.
Package pdftexcmds Info: \pdf@primitive is available.
Package pdftexcmds Info: \pdf@ifprimitive is available.
)
(/usr/local/texlive/2010/texmf-dist/tex/latex/oberdiek/epstopdf-base.sty
Package: epstopdf-base 2010/02/09 v2.5 Base part for package epstopdf

(/usr/local/texlive/2010/texmf-dist/tex/latex/oberdiek/grfext.sty
Package: grfext 2007/09/30 v1.0 Managing graphics extensions (HO)
)
(/usr/local/texlive/2010/texmf-dist/tex/latex/oberdiek/kvoptions.sty
Package: kvoptions 2010/02/22 v3.7 Keyval support for LaTeX options (HO)

(/usr/local/texlive/2010/texmf-dist/tex/generic/oberdiek/kvsetkeys.sty
Package: kvsetkeys 2010/03/01 v1.9 Key value parser (HO)

(/usr/local/texlive/2010/texmf-dist/tex/generic/oberdiek/etexcmds.sty
Package: etexcmds 2010/01/28 v1.3 Prefix for e-TeX command names (HO)
Package etexcmds Info: Could not find \expanded.
(etexcmds)             That can mean that you are not using pdfTeX 1.50 or
(etexcmds)             that some package has redefined \expanded.
(etexcmds)             In the latter case, load this package earlier.
)))
Package grfext Info: Graphics extension search list:
(grfext)             [.png,.pdf,.jpg,.mps,.jpeg,.jbig2,.jb2,.PNG,.PDF,.JPG,.JPE
G,.JBIG2,.JB2,.eps]
(grfext)             \AppendGraphicsExtensions on input line 436.

(/usr/local/texlive/2010/texmf-dist/tex/latex/latexconfig/epstopdf-sys.cfg
File: epstopdf-sys.cfg 2010/07/13 v1.3 Configuration of (r)epstopdf for TeX Liv
e
))
LaTeX Font Info:    Try loading font information for U+msa on input line 31.

(/usr/local/texlive/2010/texmf-dist/tex/latex/amsfonts/umsa.fd
File: umsa.fd 2009/06/22 v3.00 AMS symbols A
)
LaTeX Font Info:    Try loading font information for U+msb on input line 31.

(/usr/local/texlive/2010/texmf-dist/tex/latex/amsfonts/umsb.fd
File: umsb.fd 2009/06/22 v3.00 AMS symbols B
)
LaTeX Font Info:    Try loading font information for U+lasy on input line 31.

(/usr/local/texlive/2010/texmf-dist/tex/latex/base/ulasy.fd
File: ulasy.fd 1998/08/17 v2.2e LaTeX symbol font definitions
)
LaTeX Font Info:    Try loading font information for T1+aett on input line 43.

(/usr/local/texlive/2010/texmf-dist/tex/latex/ae/t1aett.fd
File: t1aett.fd 1997/11/16 Font definitions for T1/aett.
)
Overfull \hbox (2.68721pt too wide) in paragraph at lines 65--66
\T1/aer/m/n/9 uses com-pu-ta-tional lin-guis-tics, in-for-ma-tion re-trieval an
d data
 []

[1{/usr/local/texlive/2010/texmf-var/fonts/map/pdftex/updmap/pdftex.map}


]
Overfull \hbox (2.26505pt too wide) in paragraph at lines 92--93
\T1/aer/m/n/9 they were rel-e-vant or not, and plac-ing them into groups. 
 []

[2]
Underfull \hbox (badness 10000) in paragraph at lines 135--150

 []


Overfull \hbox (3.49008pt too wide) in paragraph at lines 135--150
[]\T1/aer/m/n/9 -- Charts show-ing dis-tri-bu-tions of the slice's sen-tence co
unts
 []


Underfull \hbox (badness 10000) in paragraph at lines 135--150

 []

<fig/chris/03.png, id=19, 170.6375pt x 143.53625pt>
File: fig/chris/03.png Graphic file (type png)
 <use fig/chris/03.png>
<fig/intro/01.png, id=20, 1280.785pt x 707.64375pt>
File: fig/intro/01.png Graphic file (type png)
 <use fig/intro/01.png>
Overfull \hbox (15.07787pt too wide) in paragraph at lines 167--168
 [] 
 []

<fig/intro/02.png, id=21, 722.7pt x 475.7775pt>
File: fig/intro/02.png Graphic file (type png)
 <use fig/intro/02.png>
Overfull \hbox (15.07787pt too wide) in paragraph at lines 171--173
 [][] 
 []

[3 <./fig/chris/03.png (PNG copy)>]
<fig/intro/03b.png, id=26, 660.4675pt x 121.45375pt>
File: fig/intro/03b.png Graphic file (type png)
 <use fig/intro/03b.png>
Overfull \hbox (12.0pt too wide) in paragraph at lines 190--191
 [] 
 []

<fig/intro/04b.png, id=27, 588.1975pt x 308.15125pt>
File: fig/intro/04b.png Graphic file (type png)
 <use fig/intro/04b.png>
Overfull \hbox (18.15573pt too wide) in paragraph at lines 203--204
 [] 
 []

<fig/intro/04a.png, id=28, 588.1975pt x 317.185pt>
File: fig/intro/04a.png Graphic file (type png)
 <use fig/intro/04a.png>
Overfull \hbox (18.15573pt too wide) in paragraph at lines 208--210
 [][] 
 []


Overfull \hbox (1.15767pt too wide) in paragraph at lines 227--228
[]\T1/aer/m/n/9 Each word in the sen-tence, and its part of speech (noun,
 []

[4 <./fig/intro/01.png (PNG copy)> <./fig/intro/02.png> <./fig/intro/03b.png> <
./fig/intro/04b.png> <./fig/intro/04a.png>]
<fig/intro/06.png, id=36, 1247.66125pt x 178.6675pt>
File: fig/intro/06.png Graphic file (type png)
 <use fig/intro/06.png>
Overfull \hbox (12.0pt too wide) in paragraph at lines 238--239
 [] 
 []


Overfull \hbox (1.86188pt too wide) in paragraph at lines 235--244
[]\T1/aer/m/n/9 Each view au-to-mat-i-cally presents the most com-mon nouns,
 []

<fig/chris/01.png, id=37, 677.53125pt x 292.09125pt>
File: fig/chris/01.png Graphic file (type png)
 <use fig/chris/01.png>
Overfull \hbox (12.0pt too wide) in paragraph at lines 248--249
[][] 
 []

<fig/intro/09.png, id=38, 397.485pt x 381.425pt>
File: fig/intro/09.png Graphic file (type png)
 <use fig/intro/09.png>
<fig/intro/10a-word-sets.png, id=39, 272.01625pt x 325.215pt>
File: fig/intro/10a-word-sets.png Graphic file (type png)

<use fig/intro/10a-word-sets.png>
Underfull \hbox (badness 1122) in paragraph at lines 278--278
[]\T1/aer/m/n/9 (a) Cre-at-ing a ``growth''
 []

<fig/intro/10b-word-sets.png, id=40, 617.30624pt x 56.21pt>
File: fig/intro/10b-word-sets.png Graphic file (type png)

<use fig/intro/10b-word-sets.png>
Overfull \hbox (15.07787pt too wide) in paragraph at lines 282--283
 [][] 
 []

<fig/intro/10c-word-sets.png, id=41, 274.02374pt x 121.45375pt>
File: fig/intro/10c-word-sets.png Graphic file (type png)

<use fig/intro/10c-word-sets.png>
<fig/intro/10d-word-sets.png, id=42, 200.75pt x 146.5475pt>
File: fig/intro/10d-word-sets.png Graphic file (type png)

<use fig/intro/10d-word-sets.png>
<fig/chris/04a.png, id=43, 554.07pt x 288.07625pt>
File: fig/chris/04a.png Graphic file (type png)
 <use fig/chris/04a.png>
Overfull \hbox (12.0pt too wide) in paragraph at lines 301--302
 [] 
 []


LaTeX Font Warning: Font shape `T1/aett/bx/n' undefined
(Font)              using `T1/aett/m/n' instead on input line 305.


Underfull \vbox (badness 5175) has occurred while \output is active []

 [5 <./fig/intro/06.png (PNG copy)> <./fig/chris/01.png> <./fig/intro/09.png (P
NG copy)>]
Overfull \hbox (6.08191pt too wide) in paragraph at lines 322--322
[]\secfnt 1980's: China In-signif-i-cant Ex-cept for Cold
 []

<fig/chris/04b.png, id=50, 545.03625pt x 299.1175pt>
File: fig/chris/04b.png Graphic file (type png)
 <use fig/chris/04b.png>
Overfull \hbox (12.0pt too wide) in paragraph at lines 326--327
[][] 
 []

[6 <./fig/intro/10a-word-sets.png (PNG copy)> <./fig/intro/10b-word-sets.png (P
NG copy)> <./fig/intro/10c-word-sets.png (PNG copy)> <./fig/intro/10d-word-sets
.png (PNG copy)> <./fig/chris/04a.png (PNG copy)> <./fig/chris/04b.png>]
Overfull \hbox (1.26768pt too wide) in paragraph at lines 336--337
\T1/aer/m/n/9 scribe a con-tem-po-rary po-lit-i-cal sit-u-a-tion; the oth-
 []

<fig/chris/02.png, id=55, 518.93875pt x 214.8025pt>
File: fig/chris/02.png Graphic file (type png)
 <use fig/chris/02.png>
Overfull \hbox (12.0pt too wide) in paragraph at lines 341--342
[][] 
 []


Overfull \hbox (1.07849pt too wide) in paragraph at lines 348--349
\T1/aer/m/n/9 (WTO). Al-though at-ten-tion had been shift-ing to-wards China
 []

<fig/chris/05-circled.png, id=56, 539.01375pt x 547.04375pt>
File: fig/chris/05-circled.png Graphic file (type png)

<use fig/chris/05-circled.png>
Overfull \hbox (12.0pt too wide) in paragraph at lines 358--359
[][] 
 []

[7 <./fig/chris/02.png> <./fig/chris/05-circled.png>]
<fig/chris/07.png, id=63, 637.38126pt x 261.97874pt>
File: fig/chris/07.png Graphic file (type png)
 <use fig/chris/07.png>
Overfull \hbox (12.0pt too wide) in paragraph at lines 378--379
[][] 
 []


Underfull \hbox (badness 10000) in paragraph at lines 379--379
\T1/aett/bx/n/9 and interdependence} \T1/aer/bx/n/9 Word Set within the
 []


Underfull \hbox (badness 4913) in paragraph at lines 379--379
\T1/aett/bx/n/9 conjunction(United States, China) \T1/aer/bx/n/9 slice. There
 []

<fig/rex/04.png, id=64, 1260.71pt x 682.55pt>
File: fig/rex/04.png Graphic file (type png)
 <use fig/rex/04.png>
Overfull \hbox (12.0pt too wide) in paragraph at lines 420--421
[][] 
 []


LaTeX Warning: `!h' float specifier changed to `!ht'.

[8 <./fig/chris/07.png>] <fig/rex/05.png, id=69, 539.01375pt x 282.05376pt>
File: fig/rex/05.png Graphic file (type png)

<use fig/rex/05.png>
Overfull \hbox (12.0pt too wide) in paragraph at lines 436--437
[][] 
 []


LaTeX Warning: `!h' float specifier changed to `!ht'.

[9 <./fig/rex/04.png (PNG copy)> <./fig/rex/05.png (PNG copy)>] (./cikmdemo.bbl
) [10] (./cikmdemo.aux)

LaTeX Font Warning: Some font shapes were not available, defaults substituted.

 ) 
Here is how much of TeX's memory you used:
 2998 strings out of 493747
 38761 string characters out of 3143546
 98281 words of memory out of 3000000
 6189 multiletter control sequences out of 15000+200000
 53547 words of font info for 73 fonts, out of 3000000 for 9000
 714 hyphenation exceptions out of 8191
 39i,10n,26p,1278b,300s stack positions out of 5000i,500n,10000p,200000b,50000s
{/usr/local/texlive/2010/texmf-dist/fonts/enc/dvips/base/8r.enc}</usr/local/t
exlive/2010/texmf-dist/fonts/type1/public/amsfonts/cm/cmbx9.pfb></usr/local/tex
live/2010/texmf-dist/fonts/type1/public/amsfonts/cm/cmbxti10.pfb></usr/local/te
xlive/2010/texmf-dist/fonts/type1/public/amsfonts/cm/cmmib10.pfb></usr/local/te
xlive/2010/texmf-dist/fonts/type1/public/amsfonts/cm/cmr6.pfb></usr/local/texli
ve/2010/texmf-dist/fonts/type1/public/amsfonts/cm/cmr9.pfb></usr/local/texlive/
2010/texmf-dist/fonts/type1/public/amsfonts/cm/cmsy9.pfb></usr/local/texlive/20
10/texmf-dist/fonts/type1/public/amsfonts/cm/cmti9.pfb></usr/local/texlive/2010
/texmf-dist/fonts/type1/public/amsfonts/cm/cmtt9.pfb></usr/local/texlive/2010/t
exmf-dist/fonts/type1/urw/helvetic/uhvb8a.pfb></usr/local/texlive/2010/texmf-di
st/fonts/type1/urw/helvetic/uhvr8a.pfb></usr/local/texlive/2010/texmf-dist/font
s/type1/urw/times/utmb8a.pfb></usr/local/texlive/2010/texmf-dist/fonts/type1/ur
w/times/utmr8a.pfb>
Output written on cikmdemo.pdf (10 pages, 1188465 bytes).
PDF statistics:
 116 PDF objects out of 1000 (max. 8388607)
 62 compressed objects within 1 object stream
 0 named destinations out of 1000 (max. 500000)
 101 words of extra memory for PDF output out of 10000 (max. 10000000)

